<?xml version="1.0" encoding="UTF-8"?>
<testsuite xmlns:xsi="http://www.w3.org/2001/XMLSchema-instance" xsi:noNamespaceSchemaLocation="https://maven.apache.org/surefire/maven-surefire-plugin/xsd/surefire-test-report.xsd" version="3.0.2" name="com.milkdromeda.wgg.gun.GunBalanceTest" time="3.809" tests="5" errors="0" skipped="0" failures="0">
  <properties>
[...]
</properties>
  <testcase name="everyPossibleGunIsBalanced" classname="com.milkdromeda.wgg.gun.GunBalanceTest" time="3.786"/>
  <testcase name="partIdsResolve" classname="com.milkdromeda.wgg.gun.GunBalanceTest" time="0.011"/>
  <testcase name="sectionsAreComplete" classname="com.milkdromeda.wgg.gun.GunBalanceTest" time="0.002"/>
  <testcase name="presetsAreValid" classname="com.milkdromeda.wgg.gun.GunBalanceTest" time="0.003"/>
  <testcase name="signaturePresetsBehaveAsAdvertised" classname="com.milkdromeda.wgg.gun.GunBalanceTest" time="0.001"/>
</testsuite>